<?xml version="1.0" encoding="UTF-8"?>
<!-- Generated by org.testng.reporters.JUnitReportReporter -->
<testsuite skipped="0" hostname="DESKTOP-Q46LP79" name="test.LoginTest" tests="2" failures="0" timestamp="18 Apr 2021 09:02:40 GMT" time="5.129" errors="0">
  <testcase name="validateLoginPage" time="0.008" classname="test.LoginTest"/>
  <testcase name="validateLoginCredentials" time="5.121" classname="test.LoginTest"/>
</testsuite> <!-- test.LoginTest -->
